

Opened log file at Mon Sep  5 13:28:33 2011



Opened log file at Mon Sep  5 13:28:43 2011



Opened log file at Mon Sep  5 13:29:19 2011



Opened log file at Mon Sep  5 13:29:28 2011



Opened log file at Mon Sep  5 13:36:29 2011



Opened log file at Mon Sep  5 13:38:59 2011



Opened log file at Mon Sep  5 13:39:44 2011



Opened log file at Mon Sep  5 13:44:54 2011



Opened log file at Mon Sep  5 13:45:03 2011



Opened log file at Mon Sep  5 13:50:02 2011



Opened log file at Mon Sep  5 13:50:31 2011



Opened log file at Mon Sep  5 13:50:50 2011



Opened log file at Mon Sep  5 13:51:23 2011



Opened log file at Mon Sep  5 13:51:32 2011



Opened log file at Mon Sep  5 13:58:07 2011



Opened log file at Mon Sep  5 13:58:22 2011



Opened log file at Mon Sep  5 14:00:28 2011



Opened log file at Mon Sep  5 14:00:50 2011



Opened log file at Mon Sep  5 14:01:25 2011



Opened log file at Mon Sep  5 14:03:53 2011



Opened log file at Mon Sep  5 14:04:12 2011



Opened log file at Mon Sep  5 14:05:02 2011



Opened log file at Mon Sep  5 14:06:57 2011



Opened log file at Mon Sep  5 14:07:31 2011



Opened log file at Mon Sep  5 14:07:49 2011



Opened log file at Mon Sep  5 14:08:28 2011



Opened log file at Mon Sep  5 14:34:03 2011



Opened log file at Mon Sep  5 14:34:26 2011



Opened log file at Mon Sep  5 14:38:44 2011



Opened log file at Mon Sep  5 14:38:54 2011



Opened log file at Mon Sep  5 14:40:01 2011



Opened log file at Mon Sep  5 14:42:14 2011



Opened log file at Mon Sep  5 14:47:01 2011



Opened log file at Mon Sep  5 14:47:11 2011



Opened log file at Mon Sep  5 14:47:44 2011



Opened log file at Mon Sep  5 14:48:53 2011



Opened log file at Mon Sep  5 14:50:54 2011



Opened log file at Mon Sep  5 14:52:17 2011



Opened log file at Mon Sep  5 14:52:38 2011



Opened log file at Mon Sep  5 14:55:59 2011



Opened log file at Mon Sep  5 15:54:55 2011



Opened log file at Mon Sep  5 15:55:52 2011



Opened log file at Mon Sep  5 15:59:21 2011



Opened log file at Mon Sep  5 15:59:37 2011



Opened log file at Mon Sep  5 15:59:56 2011



Opened log file at Mon Sep  5 16:00:51 2011



Opened log file at Mon Sep  5 16:06:28 2011



Opened log file at Mon Sep  5 16:09:19 2011



Opened log file at Mon Sep  5 16:09:36 2011



Opened log file at Mon Sep  5 16:13:33 2011



Opened log file at Mon Sep  5 16:14:11 2011



Opened log file at Mon Sep  5 16:14:20 2011



Opened log file at Mon Sep  5 16:14:46 2011



Opened log file at Mon Sep  5 16:15:16 2011



Opened log file at Mon Sep  5 16:17:20 2011



Opened log file at Mon Sep  5 16:18:54 2011



Opened log file at Mon Sep  5 16:22:04 2011



Opened log file at Mon Sep  5 16:22:21 2011



Opened log file at Mon Sep  5 16:24:03 2011



Opened log file at Mon Sep  5 16:24:12 2011



Opened log file at Mon Sep  5 16:25:55 2011



Opened log file at Mon Sep  5 16:27:50 2011



Opened log file at Mon Sep  5 16:32:01 2011



Opened log file at Mon Sep  5 16:33:15 2011



Opened log file at Mon Sep  5 16:36:45 2011



Opened log file at Mon Sep  5 16:37:23 2011



Opened log file at Mon Sep  5 16:37:33 2011



Opened log file at Mon Sep  5 16:38:02 2011



Opened log file at Mon Sep  5 16:39:11 2011



Opened log file at Mon Sep  5 16:39:46 2011



Opened log file at Mon Sep  5 16:40:30 2011



Opened log file at Mon Sep  5 16:41:43 2011



Opened log file at Mon Sep  5 16:42:04 2011



Opened log file at Mon Sep  5 16:42:33 2011



Opened log file at Mon Sep  5 16:44:14 2011



Opened log file at Mon Sep  5 16:45:27 2011



Opened log file at Mon Sep  5 16:48:11 2011



Opened log file at Mon Sep  5 16:48:53 2011



Opened log file at Mon Sep  5 16:49:46 2011



Opened log file at Mon Sep  5 16:50:03 2011



Opened log file at Mon Sep  5 16:53:05 2011



Opened log file at Mon Sep  5 16:54:44 2011



Opened log file at Mon Sep  5 16:55:03 2011



Opened log file at Mon Sep  5 16:55:29 2011



Opened log file at Mon Sep  5 16:56:38 2011



Opened log file at Mon Sep  5 16:57:30 2011



Opened log file at Mon Sep  5 16:57:52 2011



Opened log file at Mon Sep  5 16:58:02 2011



Opened log file at Mon Sep  5 16:58:58 2011



Opened log file at Mon Sep  5 17:00:57 2011



Opened log file at Mon Sep  5 17:03:06 2011



Opened log file at Mon Sep  5 17:03:48 2011



Opened log file at Mon Sep  5 17:03:59 2011



Opened log file at Mon Sep  5 17:06:17 2011



Opened log file at Mon Sep  5 17:07:27 2011



Opened log file at Mon Sep  5 17:07:55 2011



Opened log file at Mon Sep  5 17:09:45 2011



Opened log file at Mon Sep  5 17:11:06 2011



Opened log file at Mon Sep  5 17:11:34 2011



Opened log file at Mon Sep  5 17:12:12 2011



Opened log file at Mon Sep  5 17:12:27 2011



Opened log file at Mon Sep  5 17:13:04 2011



Opened log file at Mon Sep  5 17:14:24 2011



Opened log file at Mon Sep  5 17:14:35 2011



Opened log file at Mon Sep  5 17:14:48 2011



Opened log file at Mon Sep  5 17:15:42 2011



Opened log file at Mon Sep  5 17:16:10 2011



Opened log file at Mon Sep  5 17:17:02 2011



Opened log file at Mon Sep  5 17:17:44 2011



Opened log file at Mon Sep  5 17:18:04 2011



Opened log file at Mon Sep  5 17:18:12 2011



Opened log file at Mon Sep  5 17:18:44 2011



Opened log file at Mon Sep  5 17:19:05 2011



Opened log file at Mon Sep  5 17:22:04 2011



Opened log file at Mon Sep  5 17:22:51 2011



Opened log file at Mon Sep  5 17:23:08 2011



Opened log file at Mon Sep  5 17:24:19 2011



Opened log file at Mon Sep  5 17:24:35 2011



Opened log file at Mon Sep  5 17:24:43 2011



Opened log file at Mon Sep  5 17:25:25 2011



Opened log file at Mon Sep  5 17:25:51 2011



Opened log file at Mon Sep  5 19:01:48 2011



Opened log file at Mon Sep  5 19:02:13 2011



Opened log file at Mon Sep  5 19:03:05 2011



Opened log file at Mon Sep  5 19:03:17 2011



Opened log file at Mon Sep  5 19:03:49 2011



Opened log file at Mon Sep  5 19:04:03 2011



Opened log file at Mon Sep  5 19:04:35 2011



Opened log file at Mon Sep  5 19:04:58 2011



Opened log file at Mon Sep  5 19:05:15 2011



Opened log file at Mon Sep  5 19:05:38 2011



Opened log file at Mon Sep  5 19:06:37 2011



Opened log file at Mon Sep  5 19:06:48 2011



Opened log file at Mon Sep  5 19:07:31 2011



Opened log file at Mon Sep  5 19:07:47 2011



Opened log file at Mon Sep  5 19:09:10 2011



Opened log file at Mon Sep  5 19:09:45 2011



Opened log file at Mon Sep  5 19:10:23 2011



Opened log file at Mon Sep  5 19:10:55 2011



Opened log file at Mon Sep  5 19:11:06 2011



Opened log file at Mon Sep  5 19:11:19 2011



Opened log file at Mon Sep  5 19:13:10 2011



Opened log file at Mon Sep  5 19:19:42 2011



Opened log file at Mon Sep  5 19:20:09 2011



Opened log file at Mon Sep  5 19:26:48 2011



Opened log file at Mon Sep  5 19:27:09 2011



Opened log file at Mon Sep  5 19:28:01 2011



Opened log file at Mon Sep  5 19:28:38 2011



Opened log file at Mon Sep  5 19:28:56 2011



Opened log file at Mon Sep  5 19:29:20 2011



Opened log file at Mon Sep  5 19:34:34 2011



Opened log file at Mon Sep  5 19:35:04 2011



Opened log file at Mon Sep  5 19:36:49 2011



Opened log file at Mon Sep  5 19:37:28 2011



Opened log file at Mon Sep  5 19:38:29 2011



Opened log file at Mon Sep  5 19:38:39 2011



Opened log file at Mon Sep  5 19:39:25 2011



Opened log file at Mon Sep  5 19:39:49 2011



Opened log file at Mon Sep  5 19:41:31 2011



Opened log file at Mon Sep  5 19:42:21 2011



Opened log file at Mon Sep  5 19:45:27 2011



Opened log file at Mon Sep  5 19:45:59 2011



Opened log file at Mon Sep  5 19:46:26 2011



Opened log file at Mon Sep  5 19:47:05 2011



Opened log file at Mon Sep  5 19:48:38 2011



Opened log file at Mon Sep  5 19:48:47 2011



Opened log file at Mon Sep  5 19:54:27 2011



Opened log file at Mon Sep  5 19:54:47 2011



Opened log file at Mon Sep  5 19:54:56 2011



Opened log file at Mon Sep  5 19:55:50 2011



Opened log file at Mon Sep  5 19:56:37 2011



Opened log file at Mon Sep  5 19:56:45 2011



Opened log file at Mon Sep  5 19:58:00 2011



Opened log file at Mon Sep  5 19:58:08 2011



Opened log file at Mon Sep  5 19:58:36 2011



Opened log file at Mon Sep  5 19:59:18 2011



Opened log file at Mon Sep  5 20:00:01 2011



Opened log file at Mon Sep  5 20:00:49 2011



Opened log file at Mon Sep  5 20:02:24 2011



Opened log file at Mon Sep  5 20:03:38 2011



Opened log file at Mon Sep  5 20:03:54 2011



Opened log file at Mon Sep  5 20:04:39 2011



Opened log file at Mon Sep  5 20:06:55 2011



Opened log file at Mon Sep  5 20:07:22 2011



Opened log file at Mon Sep  5 20:09:22 2011



Opened log file at Mon Sep  5 20:11:32 2011



Opened log file at Mon Sep  5 20:12:10 2011



Opened log file at Mon Sep  5 20:15:16 2011



Opened log file at Mon Sep  5 20:15:35 2011



Opened log file at Mon Sep  5 20:16:27 2011



Opened log file at Mon Sep  5 20:16:36 2011



Opened log file at Mon Sep  5 20:16:44 2011



Opened log file at Mon Sep  5 20:17:44 2011



Opened log file at Mon Sep  5 20:18:40 2011



Opened log file at Mon Sep  5 20:19:12 2011



Opened log file at Mon Sep  5 20:19:38 2011



Opened log file at Mon Sep  5 20:21:25 2011



Opened log file at Mon Sep  5 20:24:46 2011



Opened log file at Mon Sep  5 20:26:01 2011



Opened log file at Mon Sep  5 20:26:41 2011



Opened log file at Mon Sep  5 20:28:30 2011



Opened log file at Mon Sep  5 20:28:54 2011



Opened log file at Mon Sep  5 20:29:39 2011



Opened log file at Mon Sep  5 20:30:59 2011



Opened log file at Mon Sep  5 20:31:35 2011



Opened log file at Mon Sep  5 20:33:32 2011



Opened log file at Mon Sep  5 20:34:21 2011



Opened log file at Mon Sep  5 20:35:53 2011



Opened log file at Mon Sep  5 20:36:02 2011



Opened log file at Mon Sep  5 20:42:37 2011



Opened log file at Mon Sep  5 20:42:57 2011



Opened log file at Mon Sep  5 20:45:02 2011



Opened log file at Mon Sep  5 20:46:36 2011



Opened log file at Mon Sep  5 20:49:12 2011



Opened log file at Mon Sep  5 20:49:44 2011



Opened log file at Mon Sep  5 20:49:59 2011



Opened log file at Mon Sep  5 20:50:25 2011



Opened log file at Mon Sep  5 20:50:37 2011



Opened log file at Mon Sep  5 20:51:47 2011



Opened log file at Mon Sep  5 20:52:10 2011



Opened log file at Mon Sep  5 20:52:46 2011



Opened log file at Mon Sep  5 20:54:22 2011



Opened log file at Mon Sep  5 20:54:53 2011



Opened log file at Mon Sep  5 20:55:31 2011



Opened log file at Mon Sep  5 20:56:01 2011



Opened log file at Mon Sep  5 20:56:25 2011



Opened log file at Mon Sep  5 20:56:57 2011



Opened log file at Mon Sep  5 20:57:28 2011



Opened log file at Mon Sep  5 20:57:43 2011



Opened log file at Mon Sep  5 20:58:19 2011



Opened log file at Mon Sep  5 20:58:59 2011



Opened log file at Mon Sep  5 20:59:23 2011



Opened log file at Mon Sep  5 21:00:38 2011



Opened log file at Mon Sep  5 21:00:53 2011



Opened log file at Mon Sep  5 21:01:33 2011



Opened log file at Mon Sep  5 21:02:22 2011



Opened log file at Mon Sep  5 21:02:44 2011



Opened log file at Mon Sep  5 21:03:02 2011



Opened log file at Mon Sep  5 21:03:38 2011



Opened log file at Mon Sep  5 21:03:48 2011



Opened log file at Mon Sep  5 21:04:21 2011



Opened log file at Mon Sep  5 21:08:10 2011



Opened log file at Mon Sep  5 21:09:06 2011



Opened log file at Mon Sep  5 21:09:34 2011



Opened log file at Mon Sep  5 21:10:13 2011



Opened log file at Mon Sep  5 21:10:43 2011



Opened log file at Mon Sep  5 21:11:23 2011



Opened log file at Mon Sep  5 21:12:05 2011



Opened log file at Mon Sep  5 21:12:38 2011



Opened log file at Tue Sep  6 13:35:40 2011



Opened log file at Tue Sep  6 13:41:35 2011



Opened log file at Tue Sep  6 13:45:34 2011



Opened log file at Tue Sep  6 13:47:06 2011



Opened log file at Tue Sep  6 13:48:14 2011



Opened log file at Tue Sep  6 14:09:43 2011



Opened log file at Tue Sep  6 14:10:56 2011



Opened log file at Tue Sep  6 14:11:37 2011



Opened log file at Tue Sep  6 14:12:38 2011



Opened log file at Tue Sep  6 14:13:04 2011



Opened log file at Tue Sep  6 14:13:53 2011



Opened log file at Tue Sep  6 14:16:19 2011



Opened log file at Tue Sep  6 14:17:46 2011



Opened log file at Tue Sep  6 14:18:53 2011



Opened log file at Tue Sep  6 14:19:16 2011



Opened log file at Tue Sep  6 14:20:03 2011



Opened log file at Tue Sep  6 14:20:36 2011



Opened log file at Tue Sep  6 14:21:25 2011



Opened log file at Tue Sep  6 14:32:24 2011



Opened log file at Tue Sep  6 14:33:12 2011



Opened log file at Tue Sep  6 14:49:59 2011



Opened log file at Tue Sep  6 14:51:14 2011



Opened log file at Tue Sep  6 14:51:28 2011



Opened log file at Tue Sep  6 14:52:42 2011



Opened log file at Tue Sep  6 14:53:04 2011



Opened log file at Tue Sep  6 14:54:39 2011



Opened log file at Tue Sep  6 15:30:58 2011



Opened log file at Tue Sep  6 15:31:26 2011



Opened log file at Tue Sep  6 15:33:47 2011



Opened log file at Tue Sep  6 15:34:14 2011



Opened log file at Tue Sep  6 15:34:43 2011



Opened log file at Tue Sep  6 15:35:21 2011



Opened log file at Tue Sep  6 15:35:52 2011



Opened log file at Tue Sep  6 15:36:22 2011



Opened log file at Tue Sep  6 15:36:57 2011



Opened log file at Tue Sep  6 15:37:22 2011



Opened log file at Tue Sep  6 16:44:41 2011



Opened log file at Tue Sep  6 16:45:54 2011



Opened log file at Tue Sep  6 16:46:37 2011



Opened log file at Tue Sep  6 16:48:03 2011



Opened log file at Tue Sep  6 16:51:29 2011



Opened log file at Tue Sep  6 16:52:42 2011



Opened log file at Tue Sep  6 16:54:44 2011



Opened log file at Tue Sep  6 16:58:41 2011



Opened log file at Tue Sep  6 17:11:03 2011



Opened log file at Tue Sep  6 17:11:20 2011



Opened log file at Tue Sep  6 17:12:25 2011



Opened log file at Tue Sep  6 17:16:10 2011



Opened log file at Tue Sep  6 17:16:21 2011



Opened log file at Tue Sep  6 17:21:08 2011



Opened log file at Tue Sep  6 17:22:15 2011



Opened log file at Tue Sep  6 17:39:14 2011



Opened log file at Tue Sep  6 17:40:17 2011



Opened log file at Tue Sep  6 17:43:47 2011



Opened log file at Tue Sep  6 17:44:30 2011



Opened log file at Tue Sep  6 17:46:18 2011



Opened log file at Tue Sep  6 17:48:24 2011



Opened log file at Tue Sep  6 17:50:22 2011



Opened log file at Tue Sep  6 17:51:36 2011



Opened log file at Tue Sep  6 17:52:23 2011



Opened log file at Tue Sep  6 18:00:32 2011



Opened log file at Tue Sep  6 18:01:43 2011



Opened log file at Tue Sep  6 18:02:36 2011



Opened log file at Tue Sep  6 18:02:44 2011



Opened log file at Tue Sep  6 18:03:04 2011



Opened log file at Tue Sep  6 18:03:21 2011



Opened log file at Tue Sep  6 18:05:02 2011



Opened log file at Tue Sep  6 18:05:15 2011



Opened log file at Tue Sep  6 18:06:21 2011



Opened log file at Tue Sep  6 18:07:19 2011



Opened log file at Tue Sep  6 18:08:44 2011



Opened log file at Tue Sep  6 18:09:21 2011



Opened log file at Tue Sep  6 18:09:50 2011



Opened log file at Tue Sep  6 18:10:55 2011



Opened log file at Tue Sep  6 18:15:43 2011



Opened log file at Tue Sep  6 18:16:36 2011



Opened log file at Tue Sep  6 18:17:12 2011



Opened log file at Tue Sep  6 18:20:51 2011



Opened log file at Tue Sep  6 18:21:43 2011



Opened log file at Tue Sep  6 18:21:52 2011



Opened log file at Tue Sep  6 18:22:40 2011



Opened log file at Tue Sep  6 18:23:06 2011



Opened log file at Tue Sep  6 18:31:47 2011



Opened log file at Tue Sep  6 18:33:10 2011



Opened log file at Tue Sep  6 18:34:03 2011



Opened log file at Tue Sep  6 18:34:45 2011



Opened log file at Tue Sep  6 18:36:42 2011



Opened log file at Tue Sep  6 18:37:41 2011



Opened log file at Tue Sep  6 18:41:13 2011



Opened log file at Tue Sep  6 18:41:32 2011



Opened log file at Tue Sep  6 18:43:08 2011



Opened log file at Tue Sep  6 18:43:26 2011



Opened log file at Tue Sep  6 18:44:59 2011



Opened log file at Tue Sep  6 18:46:14 2011



Opened log file at Tue Sep  6 18:46:55 2011



Opened log file at Tue Sep  6 18:48:56 2011



Opened log file at Tue Sep  6 18:49:10 2011



Opened log file at Tue Sep  6 18:58:00 2011



Opened log file at Tue Sep  6 18:58:12 2011



Opened log file at Tue Sep  6 18:58:56 2011



Opened log file at Thu Sep  8 12:55:18 2011



Opened log file at Thu Sep  8 12:55:37 2011



Opened log file at Thu Sep  8 12:55:50 2011



Opened log file at Thu Sep  8 12:56:50 2011



Opened log file at Thu Sep  8 13:52:59 2011



Opened log file at Thu Sep  8 13:55:20 2011



Opened log file at Thu Sep  8 17:30:33 2011



Opened log file at Mon Oct  3 18:18:20 2011



Opened log file at Thu Oct  6 12:06:52 2011



Opened log file at Thu Oct  6 12:08:43 2011



Opened log file at Thu Oct  6 12:09:11 2011



Opened log file at Thu Oct  6 12:13:32 2011



Opened log file at Thu Oct  6 12:14:35 2011



Opened log file at Thu Oct  6 12:15:34 2011



Opened log file at Thu Oct  6 12:15:46 2011



Opened log file at Thu Oct  6 12:15:51 2011



Opened log file at Thu Oct  6 12:19:37 2011



Opened log file at Thu Oct  6 12:20:25 2011



Opened log file at Thu Oct  6 12:24:17 2011



Opened log file at Thu Oct  6 12:25:19 2011



Opened log file at Thu Oct  6 12:28:31 2011



Opened log file at Thu Oct  6 12:29:52 2011



Opened log file at Thu Oct  6 12:30:02 2011



Opened log file at Thu Oct  6 12:40:50 2011



Opened log file at Thu Oct  6 12:41:17 2011



Opened log file at Thu Oct  6 12:45:10 2011



Opened log file at Thu Oct  6 12:46:33 2011



Opened log file at Thu Oct  6 12:47:06 2011



Opened log file at Thu Oct  6 16:32:55 2011



Opened log file at Thu Oct  6 16:40:12 2011



Opened log file at Thu Oct  6 16:51:42 2011



Opened log file at Thu Oct  6 16:55:36 2011



Opened log file at Thu Oct  6 16:56:48 2011



Opened log file at Thu Oct  6 17:00:47 2011



Opened log file at Thu Oct  6 17:03:17 2011



Opened log file at Thu Oct  6 17:12:48 2011



Opened log file at Thu Oct  6 17:14:17 2011



Opened log file at Thu Oct  6 17:14:48 2011



Opened log file at Thu Oct  6 17:18:31 2011



Opened log file at Thu Oct  6 19:17:27 2011



Opened log file at Fri Oct  7 09:58:05 2011



Opened log file at Fri Oct  7 09:59:10 2011



Opened log file at Fri Oct  7 10:01:28 2011



Opened log file at Mon Oct 10 20:00:15 2011



Opened log file at Mon Oct 10 20:37:36 2011



Opened log file at Mon Oct 10 20:37:49 2011



Opened log file at Mon Oct 10 20:43:00 2011



Opened log file at Mon Oct 10 21:05:01 2011



Opened log file at Mon Oct 10 21:10:18 2011



Opened log file at Tue Oct 11 11:51:06 2011



Opened log file at Tue Oct 11 12:01:18 2011



Opened log file at Tue Oct 11 12:03:57 2011



Opened log file at Tue Oct 11 12:04:41 2011



Opened log file at Tue Oct 11 12:05:11 2011



Opened log file at Tue Oct 11 12:22:23 2011



Opened log file at Tue Oct 11 12:28:17 2011



Opened log file at Tue Oct 11 12:47:04 2011



Opened log file at Tue Oct 11 17:01:54 2011



Opened log file at Tue Oct 11 17:14:36 2011



Opened log file at Tue Oct 11 17:28:40 2011



Opened log file at Tue Oct 11 17:51:57 2011



Opened log file at Tue Oct 11 17:52:19 2011



Opened log file at Tue Oct 11 17:58:10 2011



Opened log file at Tue Oct 11 18:02:11 2011



Opened log file at Tue Oct 11 18:05:41 2011



Opened log file at Tue Oct 11 18:08:25 2011



Opened log file at Tue Oct 11 18:15:02 2011



Opened log file at Tue Oct 11 18:16:50 2011



Opened log file at Tue Oct 11 18:22:33 2011



Opened log file at Tue Oct 11 18:23:58 2011



Opened log file at Tue Oct 11 18:24:39 2011



Opened log file at Wed Oct 12 11:29:20 2011



Opened log file at Wed Oct 12 13:27:36 2011



Opened log file at Wed Oct 12 13:47:44 2011



Opened log file at Wed Oct 12 13:48:38 2011



Opened log file at Wed Oct 12 13:49:15 2011



Opened log file at Wed Oct 12 13:51:08 2011



Opened log file at Wed Oct 12 13:51:57 2011



Opened log file at Wed Oct 12 14:11:51 2011



Opened log file at Wed Oct 12 14:18:57 2011



Opened log file at Wed Oct 12 14:22:39 2011



Opened log file at Wed Oct 12 15:54:41 2011



Opened log file at Wed Oct 12 15:55:55 2011



Opened log file at Wed Oct 12 16:23:18 2011



Opened log file at Wed Oct 12 16:26:25 2011



Opened log file at Wed Oct 12 16:26:40 2011



Opened log file at Wed Oct 12 16:36:44 2011



Opened log file at Wed Oct 12 16:47:07 2011



Opened log file at Wed Oct 12 16:47:55 2011



Opened log file at Wed Oct 12 16:53:11 2011



Opened log file at Wed Oct 12 17:04:32 2011



Opened log file at Wed Oct 12 17:05:01 2011



Opened log file at Wed Oct 12 17:05:12 2011



Opened log file at Wed Oct 12 17:08:52 2011



Opened log file at Wed Oct 12 17:12:55 2011



Opened log file at Wed Oct 12 17:13:33 2011



Opened log file at Wed Oct 12 17:15:28 2011



Opened log file at Wed Oct 12 17:18:50 2011



Opened log file at Wed Oct 12 17:21:54 2011



Opened log file at Wed Oct 12 17:22:19 2011



Opened log file at Wed Oct 12 17:29:07 2011



Opened log file at Wed Oct 12 20:15:25 2011



Opened log file at Thu Oct 13 12:29:36 2011



Opened log file at Thu Oct 13 12:47:47 2011



Opened log file at Thu Oct 13 13:27:55 2011



Opened log file at Thu Oct 13 13:29:29 2011



Opened log file at Thu Oct 13 13:30:41 2011



Opened log file at Thu Oct 13 13:44:36 2011



Opened log file at Thu Oct 13 13:45:35 2011



Opened log file at Thu Oct 13 13:46:29 2011



Opened log file at Thu Oct 13 13:46:41 2011



Opened log file at Thu Oct 13 14:17:12 2011



Opened log file at Thu Oct 13 14:18:09 2011



Opened log file at Thu Oct 13 14:25:11 2011



Opened log file at Thu Oct 13 17:53:06 2011



Opened log file at Thu Oct 13 18:06:51 2011



Opened log file at Thu Oct 13 18:07:51 2011



Opened log file at Thu Oct 13 18:09:14 2011



Opened log file at Thu Oct 13 18:10:29 2011



Opened log file at Thu Oct 13 18:14:15 2011



Opened log file at Thu Oct 13 18:17:19 2011



Opened log file at Thu Oct 13 18:18:45 2011



Opened log file at Thu Oct 13 18:23:11 2011



Opened log file at Thu Oct 13 18:23:59 2011



Opened log file at Thu Oct 13 18:24:32 2011



Opened log file at Thu Oct 13 18:33:17 2011



Opened log file at Thu Oct 13 18:34:39 2011



Opened log file at Fri Oct 14 11:53:36 2011



Opened log file at Fri Oct 14 11:53:53 2011



Opened log file at Fri Oct 14 12:03:21 2011



Opened log file at Fri Oct 14 12:04:18 2011



Opened log file at Fri Oct 14 12:14:30 2011



Opened log file at Fri Oct 14 12:16:20 2011



Opened log file at Fri Oct 14 12:18:01 2011



Opened log file at Fri Oct 14 12:19:16 2011



Opened log file at Fri Oct 14 12:22:20 2011



Opened log file at Fri Oct 14 12:44:02 2011



Opened log file at Fri Oct 14 12:44:29 2011



Opened log file at Fri Oct 14 13:01:25 2011



Opened log file at Fri Oct 14 13:02:39 2011



Opened log file at Fri Oct 14 13:07:59 2011



Opened log file at Fri Oct 14 13:30:40 2011



Opened log file at Fri Oct 14 13:37:19 2011



Opened log file at Fri Oct 14 13:56:42 2011



Opened log file at Fri Oct 14 13:57:38 2011



Opened log file at Fri Oct 14 13:59:03 2011



Opened log file at Fri Oct 14 13:59:37 2011



Opened log file at Fri Oct 14 14:00:19 2011



Opened log file at Fri Oct 14 14:02:18 2011



Opened log file at Fri Oct 14 14:03:35 2011



Opened log file at Fri Oct 14 14:05:33 2011



Opened log file at Fri Oct 14 14:13:54 2011



Opened log file at Fri Oct 14 14:14:40 2011



Opened log file at Fri Oct 14 14:17:07 2011



Opened log file at Fri Oct 14 14:18:22 2011



Opened log file at Fri Oct 14 14:21:58 2011



Opened log file at Fri Oct 14 14:22:13 2011



Opened log file at Fri Oct 14 14:23:53 2011



Opened log file at Fri Oct 14 14:27:13 2011



Opened log file at Fri Oct 14 14:33:29 2011



Opened log file at Fri Oct 14 14:36:17 2011



Opened log file at Fri Oct 14 14:46:41 2011



Opened log file at Fri Oct 14 14:47:00 2011



Opened log file at Fri Oct 14 15:19:28 2011



Opened log file at Fri Oct 14 15:26:41 2011



Opened log file at Fri Oct 14 15:27:30 2011



Opened log file at Fri Oct 14 15:28:25 2011



Opened log file at Fri Oct 14 16:33:01 2011



Opened log file at Sun Oct 16 11:09:40 2011



Opened log file at Sun Oct 16 11:38:46 2011



Opened log file at Sun Oct 16 11:42:08 2011



Opened log file at Sun Oct 16 11:42:36 2011



Opened log file at Sun Oct 16 11:42:50 2011



Opened log file at Sun Oct 16 11:49:22 2011



Opened log file at Sun Oct 16 11:49:58 2011



Opened log file at Sun Oct 16 19:06:15 2011



Opened log file at Sun Oct 16 19:08:31 2011



Opened log file at Sun Oct 16 19:12:57 2011



Opened log file at Sun Oct 16 19:14:20 2011



Opened log file at Sun Oct 16 19:17:15 2011



Opened log file at Sun Oct 16 19:52:04 2011



Opened log file at Sun Oct 16 20:29:05 2011



Opened log file at Sun Oct 16 20:30:27 2011



Opened log file at Sun Oct 16 21:28:37 2011



Opened log file at Sun Oct 16 21:45:36 2011



Opened log file at Sun Oct 16 22:10:15 2011



Opened log file at Sun Oct 16 22:22:35 2011



Opened log file at Sun Oct 16 22:23:14 2011



Opened log file at Sun Oct 16 22:28:21 2011



Opened log file at Sun Oct 16 22:32:30 2011



Opened log file at Sun Oct 16 22:40:18 2011



Opened log file at Sun Oct 16 22:49:06 2011



Opened log file at Mon Oct 17 16:08:30 2011



Opened log file at Tue Oct 18 12:10:08 2011



Opened log file at Tue Oct 18 12:12:10 2011



Opened log file at Tue Oct 18 12:16:05 2011



Opened log file at Tue Oct 18 12:19:38 2011



Opened log file at Tue Oct 18 12:20:57 2011



Opened log file at Tue Oct 18 12:22:09 2011



Opened log file at Tue Oct 18 12:29:01 2011



Opened log file at Tue Oct 18 12:32:53 2011



Opened log file at Tue Oct 18 12:33:24 2011



Opened log file at Tue Oct 18 12:36:27 2011



Opened log file at Tue Oct 18 12:37:00 2011



Opened log file at Tue Oct 18 12:41:28 2011



Opened log file at Tue Oct 18 15:40:18 2011



Opened log file at Tue Oct 18 15:46:22 2011



Opened log file at Tue Oct 18 15:48:13 2011



Opened log file at Tue Oct 18 16:02:17 2011



Opened log file at Tue Oct 18 16:03:45 2011



Opened log file at Tue Oct 18 16:15:33 2011



Opened log file at Tue Oct 18 16:17:01 2011



Opened log file at Tue Oct 18 16:17:34 2011



Opened log file at Tue Oct 18 16:23:41 2011



Opened log file at Tue Oct 18 16:25:02 2011



Opened log file at Tue Oct 18 16:26:08 2011



Opened log file at Tue Oct 18 16:26:36 2011



Opened log file at Tue Oct 18 16:33:12 2011



Opened log file at Tue Oct 18 16:34:08 2011



Opened log file at Tue Oct 18 16:35:38 2011



Opened log file at Tue Oct 18 16:35:55 2011



Opened log file at Tue Oct 18 16:40:36 2011



Opened log file at Tue Oct 18 16:42:39 2011



Opened log file at Tue Oct 18 16:43:12 2011



Opened log file at Tue Oct 18 16:43:24 2011



Opened log file at Tue Oct 18 16:43:55 2011



Opened log file at Tue Oct 18 16:45:30 2011



Opened log file at Tue Oct 18 16:46:06 2011



Opened log file at Tue Oct 18 16:47:44 2011



Opened log file at Tue Oct 18 16:48:53 2011



Opened log file at Tue Oct 18 16:49:45 2011



Opened log file at Tue Oct 18 16:51:40 2011



Opened log file at Tue Oct 18 16:55:36 2011



Opened log file at Tue Oct 18 16:56:08 2011



Opened log file at Tue Oct 18 16:56:44 2011



Opened log file at Tue Oct 18 16:58:22 2011



Opened log file at Tue Oct 18 17:01:12 2011



Opened log file at Tue Oct 18 17:03:39 2011



Opened log file at Tue Oct 18 23:13:34 2011



Opened log file at Tue Oct 18 23:13:46 2011



Opened log file at Tue Oct 18 23:16:20 2011



Opened log file at Tue Oct 18 23:16:52 2011



Opened log file at Tue Oct 18 23:19:42 2011



Opened log file at Tue Oct 18 23:20:54 2011



Opened log file at Tue Oct 18 23:22:19 2011



Opened log file at Tue Oct 18 23:36:26 2011



Opened log file at Tue Oct 18 23:41:09 2011



Opened log file at Tue Oct 18 23:42:10 2011



Opened log file at Tue Oct 18 23:42:25 2011



Opened log file at Tue Oct 18 23:43:04 2011



Opened log file at Tue Oct 18 23:43:51 2011



Opened log file at Tue Oct 18 23:47:25 2011



Opened log file at Tue Oct 18 23:48:12 2011



Opened log file at Tue Oct 18 23:54:43 2011



Opened log file at Tue Oct 18 23:55:10 2011



Opened log file at Tue Oct 18 23:55:36 2011



Opened log file at Tue Oct 18 23:59:07 2011



Opened log file at Tue Oct 18 23:59:35 2011



Opened log file at Tue Oct 18 23:59:56 2011



Opened log file at Wed Oct 19 00:00:32 2011



Opened log file at Wed Oct 19 00:01:16 2011



Opened log file at Wed Oct 19 00:02:14 2011



Opened log file at Wed Oct 19 11:36:29 2011



Opened log file at Wed Oct 19 11:48:45 2011



Opened log file at Wed Oct 19 11:54:25 2011



Opened log file at Wed Oct 19 11:55:53 2011



Opened log file at Wed Oct 19 11:56:27 2011



Opened log file at Wed Oct 19 12:01:06 2011



Opened log file at Wed Oct 19 12:01:16 2011



Opened log file at Wed Oct 19 12:01:36 2011



Opened log file at Wed Oct 19 12:02:16 2011



Opened log file at Wed Oct 19 12:04:09 2011



Opened log file at Wed Oct 19 12:05:13 2011



Opened log file at Wed Oct 19 12:07:06 2011



Opened log file at Wed Oct 19 12:08:23 2011



Opened log file at Wed Oct 19 12:09:03 2011



Opened log file at Wed Oct 19 12:09:12 2011



Opened log file at Wed Oct 19 12:10:05 2011



Opened log file at Wed Oct 19 12:24:27 2011



Opened log file at Wed Oct 19 12:25:57 2011



Opened log file at Wed Oct 19 12:26:21 2011



Opened log file at Wed Oct 19 12:27:47 2011



Opened log file at Wed Oct 19 12:29:07 2011



Opened log file at Wed Oct 19 12:30:50 2011



Opened log file at Wed Oct 19 12:31:41 2011



Opened log file at Wed Oct 19 12:32:58 2011



Opened log file at Wed Oct 19 12:33:53 2011



Opened log file at Wed Oct 19 12:37:36 2011



Opened log file at Wed Oct 19 12:39:11 2011



Opened log file at Wed Oct 19 12:40:35 2011



Opened log file at Wed Oct 19 13:00:09 2011



Opened log file at Wed Oct 19 13:01:02 2011



Opened log file at Wed Oct 19 13:01:42 2011



Opened log file at Wed Oct 19 13:01:53 2011



Opened log file at Wed Oct 19 13:02:25 2011



Opened log file at Wed Oct 19 13:03:02 2011



Opened log file at Wed Oct 19 13:03:34 2011



Opened log file at Wed Oct 19 13:04:19 2011



Opened log file at Wed Oct 19 13:04:51 2011



Opened log file at Wed Oct 19 13:12:16 2011



Opened log file at Wed Oct 19 15:34:06 2011



Opened log file at Wed Oct 19 15:36:15 2011



Opened log file at Wed Oct 19 18:18:48 2011



Opened log file at Wed Oct 19 18:19:45 2011



Opened log file at Wed Oct 19 18:54:51 2011



Opened log file at Wed Oct 19 18:57:11 2011



Opened log file at Wed Oct 19 18:58:22 2011



Opened log file at Wed Oct 19 18:59:17 2011



Opened log file at Wed Oct 19 19:03:10 2011



Opened log file at Wed Oct 19 19:05:08 2011



Opened log file at Wed Oct 19 19:05:54 2011



Opened log file at Wed Oct 19 19:06:11 2011



Opened log file at Wed Oct 19 19:09:29 2011



Opened log file at Wed Oct 19 19:10:26 2011



Opened log file at Wed Oct 19 19:10:48 2011



Opened log file at Wed Oct 19 19:12:06 2011



Opened log file at Wed Oct 19 19:18:05 2011



Opened log file at Wed Oct 19 19:19:48 2011



Opened log file at Wed Oct 19 19:20:24 2011



Opened log file at Wed Oct 19 19:26:54 2011



Opened log file at Wed Oct 19 19:34:30 2011



Opened log file at Wed Oct 19 19:39:24 2011



Opened log file at Wed Oct 19 19:58:40 2011



Opened log file at Wed Oct 19 19:59:12 2011



Opened log file at Wed Oct 19 20:01:30 2011



Opened log file at Wed Oct 19 20:02:50 2011



Opened log file at Wed Oct 19 20:05:06 2011



Opened log file at Wed Oct 19 20:11:35 2011



Opened log file at Wed Oct 19 20:13:40 2011



Opened log file at Wed Oct 19 20:19:18 2011



Opened log file at Wed Oct 19 20:20:47 2011



Opened log file at Wed Oct 19 20:23:30 2011



Opened log file at Wed Oct 19 20:26:15 2011



Opened log file at Wed Oct 19 20:26:39 2011



Opened log file at Wed Oct 19 20:28:40 2011



Opened log file at Wed Oct 19 20:29:39 2011



Opened log file at Wed Oct 19 20:30:22 2011



Opened log file at Wed Oct 19 20:31:08 2011



Opened log file at Wed Oct 19 20:35:49 2011



Opened log file at Wed Oct 19 20:39:55 2011



Opened log file at Wed Oct 19 20:41:02 2011



Opened log file at Wed Oct 19 20:41:19 2011



Opened log file at Wed Oct 19 20:41:42 2011



Opened log file at Wed Oct 19 20:42:34 2011



Opened log file at Wed Oct 19 20:43:00 2011



Opened log file at Wed Oct 19 20:43:30 2011



Opened log file at Wed Oct 19 20:43:55 2011



Opened log file at Wed Oct 19 20:44:21 2011



Opened log file at Wed Oct 19 20:44:43 2011



Opened log file at Thu Oct 20 18:20:59 2011



Opened log file at Thu Oct 20 18:23:21 2011



Opened log file at Thu Oct 20 18:26:11 2011



Opened log file at Thu Oct 20 18:26:44 2011



Opened log file at Thu Oct 20 18:40:40 2011



Opened log file at Thu Oct 20 18:44:03 2011



Opened log file at Thu Oct 20 18:47:43 2011



Opened log file at Thu Oct 20 18:52:31 2011



Opened log file at Thu Oct 20 19:05:01 2011



Opened log file at Thu Oct 20 19:08:58 2011



Opened log file at Thu Oct 20 19:09:31 2011



Opened log file at Thu Oct 20 19:16:48 2011



Opened log file at Thu Oct 20 19:26:13 2011



Opened log file at Thu Oct 20 19:29:58 2011



Opened log file at Fri Oct 21 11:18:08 2011



Opened log file at Fri Oct 21 11:19:32 2011



Opened log file at Fri Oct 21 11:24:57 2011



Opened log file at Fri Oct 21 11:25:27 2011



Opened log file at Fri Oct 21 11:35:41 2011



Opened log file at Fri Oct 21 12:22:49 2011



Opened log file at Fri Oct 21 12:25:21 2011



Opened log file at Fri Oct 21 12:28:33 2011



Opened log file at Fri Oct 21 12:30:27 2011



Opened log file at Fri Oct 21 12:31:09 2011



Opened log file at Fri Oct 21 12:32:12 2011



Opened log file at Fri Oct 21 12:33:24 2011



Opened log file at Fri Oct 21 12:35:08 2011



Opened log file at Fri Oct 21 12:41:09 2011



Opened log file at Fri Oct 21 12:43:51 2011



Opened log file at Fri Oct 21 12:44:55 2011



Opened log file at Fri Oct 21 12:47:48 2011



Opened log file at Fri Oct 21 12:48:22 2011



Opened log file at Fri Oct 21 12:49:16 2011



Opened log file at Fri Oct 21 12:50:25 2011



Opened log file at Fri Oct 21 12:55:22 2011



Opened log file at Fri Oct 21 12:56:34 2011



Opened log file at Fri Oct 21 13:11:09 2011



Opened log file at Fri Oct 21 13:15:54 2011



Opened log file at Fri Oct 21 13:18:37 2011



Opened log file at Fri Oct 21 13:20:34 2011



Opened log file at Fri Oct 21 13:36:44 2011



Opened log file at Fri Oct 21 13:38:36 2011



Opened log file at Fri Oct 21 13:39:34 2011



Opened log file at Fri Oct 21 13:39:57 2011



Opened log file at Fri Oct 21 13:40:51 2011



Opened log file at Fri Oct 21 13:41:25 2011



Opened log file at Fri Oct 21 13:42:01 2011



Opened log file at Fri Oct 21 13:44:39 2011



Opened log file at Fri Oct 21 13:47:37 2011



Opened log file at Fri Oct 21 13:49:48 2011



Opened log file at Fri Oct 21 13:50:07 2011



Opened log file at Fri Oct 21 13:50:34 2011



Opened log file at Fri Oct 21 13:51:32 2011



Opened log file at Fri Oct 21 13:52:47 2011



Opened log file at Fri Oct 21 13:53:39 2011



Opened log file at Fri Oct 21 13:53:51 2011



Opened log file at Fri Oct 21 13:54:12 2011



Opened log file at Fri Oct 21 13:54:25 2011



Opened log file at Fri Oct 21 13:55:35 2011



Opened log file at Fri Oct 21 13:56:03 2011



Opened log file at Fri Oct 21 13:59:56 2011



Opened log file at Fri Oct 21 14:01:27 2011



Opened log file at Fri Oct 21 14:07:38 2011



Opened log file at Fri Oct 21 14:11:47 2011



Opened log file at Fri Oct 21 14:13:04 2011



Opened log file at Fri Oct 21 14:13:09 2011



Opened log file at Fri Oct 21 14:16:20 2011



Opened log file at Fri Oct 21 14:17:00 2011



Opened log file at Fri Oct 21 15:32:22 2011



Opened log file at Fri Oct 28 12:59:04 2011



Opened log file at Fri Oct 28 12:59:20 2011



Opened log file at Fri Oct 28 12:59:38 2011



Opened log file at Fri Oct 28 13:03:02 2011



Opened log file at Fri Oct 28 13:04:19 2011



Opened log file at Fri Oct 28 14:00:20 2011



Opened log file at Mon Oct 31 13:00:51 2011



Opened log file at Mon Oct 31 13:15:29 2011



Opened log file at Mon Oct 31 13:40:26 2011



Opened log file at Wed Nov  2 13:43:12 2011



Opened log file at Wed Nov  2 13:44:36 2011



Opened log file at Wed Nov  2 13:46:10 2011



Opened log file at Wed Nov  2 13:48:27 2011



Opened log file at Wed Nov  2 13:49:09 2011



Opened log file at Wed Nov  2 14:09:53 2011



Opened log file at Wed Nov  2 14:10:34 2011



Opened log file at Wed Nov  2 14:12:29 2011



Opened log file at Wed Nov  2 14:19:17 2011



Opened log file at Wed Nov  2 14:22:41 2011



Opened log file at Wed Nov  2 17:20:40 2011



Opened log file at Wed Nov  2 17:23:01 2011



Opened log file at Wed Nov  2 17:24:56 2011



Opened log file at Wed Nov  2 17:29:29 2011



Opened log file at Wed Nov  2 17:55:43 2011



Opened log file at Wed Nov  2 18:31:48 2011



Opened log file at Wed Nov  2 18:33:24 2011



Opened log file at Wed Nov  2 18:35:20 2011



Opened log file at Wed Nov  2 18:37:23 2011



Opened log file at Wed Nov  2 18:39:28 2011



Opened log file at Wed Nov  2 18:40:48 2011



Opened log file at Wed Nov  2 18:41:18 2011



Opened log file at Thu Nov  3 15:15:00 2011



Opened log file at Thu Nov  3 15:15:14 2011



Opened log file at Thu Nov  3 15:15:34 2011



Opened log file at Thu Nov  3 15:16:51 2011



Opened log file at Thu Nov  3 15:37:35 2011



Opened log file at Thu Nov  3 16:01:23 2011



Opened log file at Thu Nov  3 17:30:43 2011



Opened log file at Thu Nov  3 17:30:59 2011



Opened log file at Thu Nov  3 17:33:03 2011



Opened log file at Thu Nov  3 17:35:59 2011



Opened log file at Thu Nov  3 17:38:09 2011



Opened log file at Thu Nov  3 17:42:40 2011



Opened log file at Thu Nov  3 17:43:24 2011



Opened log file at Thu Nov  3 17:58:40 2011



Opened log file at Thu Nov  3 18:16:01 2011



Opened log file at Thu Nov  3 18:17:05 2011



Opened log file at Fri Nov  4 11:52:02 2011



Opened log file at Fri Nov  4 11:55:41 2011



Opened log file at Fri Nov  4 11:56:27 2011



Opened log file at Fri Nov  4 11:59:04 2011



Opened log file at Fri Nov  4 11:59:50 2011



Opened log file at Fri Nov  4 12:00:44 2011



Opened log file at Fri Nov  4 12:05:00 2011



Opened log file at Fri Nov  4 12:05:35 2011



Opened log file at Fri Nov  4 12:43:06 2011



Opened log file at Fri Nov  4 12:57:41 2011



Opened log file at Fri Nov  4 12:58:31 2011



Opened log file at Fri Nov  4 12:58:43 2011



Opened log file at Fri Nov  4 12:59:01 2011



Opened log file at Fri Nov  4 12:59:15 2011



Opened log file at Fri Nov  4 13:01:16 2011



Opened log file at Sun Nov  6 21:01:28 2011



Opened log file at Sun Nov  6 21:02:32 2011



Opened log file at Sun Nov  6 21:04:37 2011



Opened log file at Sun Nov  6 21:05:26 2011



Opened log file at Sun Nov  6 21:06:14 2011



Opened log file at Mon Nov  7 13:10:36 2011



Opened log file at Mon Nov  7 13:16:00 2011



Opened log file at Mon Nov  7 13:20:09 2011



Opened log file at Mon Nov  7 13:20:58 2011



Opened log file at Mon Nov  7 13:35:22 2011



Opened log file at Mon Nov  7 14:44:18 2011



Opened log file at Mon Nov  7 14:44:43 2011



Opened log file at Mon Nov  7 14:46:38 2011



Opened log file at Mon Nov  7 14:56:34 2011



Opened log file at Mon Nov  7 16:26:44 2011



Opened log file at Mon Nov  7 16:27:52 2011



Opened log file at Mon Nov  7 16:34:32 2011



Opened log file at Mon Nov  7 16:35:59 2011



Opened log file at Mon Nov  7 16:36:19 2011



Opened log file at Mon Nov  7 16:36:27 2011



Opened log file at Mon Nov  7 16:46:58 2011



Opened log file at Mon Nov  7 16:49:36 2011



Opened log file at Mon Nov  7 16:52:45 2011



Opened log file at Mon Nov  7 16:54:58 2011



Opened log file at Mon Nov  7 17:02:34 2011



Opened log file at Mon Nov  7 17:54:45 2011



Opened log file at Mon Nov  7 17:56:14 2011



Opened log file at Mon Nov  7 17:58:19 2011



Opened log file at Mon Nov  7 17:59:35 2011



Opened log file at Mon Nov  7 18:50:21 2011



Opened log file at Mon Nov  7 18:54:08 2011



Opened log file at Mon Nov  7 18:57:45 2011



Opened log file at Mon Nov  7 19:00:28 2011



Opened log file at Mon Nov  7 19:01:06 2011



Opened log file at Tue Nov  8 11:39:08 2011



Opened log file at Tue Nov  8 11:41:12 2011



Opened log file at Tue Nov  8 11:53:02 2011



Opened log file at Tue Nov  8 11:55:26 2011



Opened log file at Tue Nov  8 11:57:11 2011



Opened log file at Tue Nov  8 12:04:45 2011



Opened log file at Tue Nov  8 12:09:23 2011



Opened log file at Tue Nov  8 12:11:33 2011



Opened log file at Tue Nov  8 12:15:13 2011



Opened log file at Tue Nov  8 12:18:33 2011



Opened log file at Tue Nov  8 12:20:30 2011



Opened log file at Tue Nov  8 12:21:21 2011



Opened log file at Tue Nov  8 12:22:39 2011



Opened log file at Tue Nov  8 12:24:18 2011



Opened log file at Tue Nov  8 12:24:48 2011



Opened log file at Tue Nov  8 12:26:00 2011



Opened log file at Tue Nov  8 12:27:38 2011



Opened log file at Tue Nov  8 12:28:22 2011



Opened log file at Tue Nov  8 12:32:24 2011



Opened log file at Tue Nov  8 12:33:39 2011



Opened log file at Tue Nov  8 12:35:18 2011



Opened log file at Tue Nov  8 15:23:38 2011



Opened log file at Tue Nov  8 15:59:36 2011



Opened log file at Tue Nov  8 16:03:08 2011



Opened log file at Tue Nov  8 16:05:35 2011



Opened log file at Tue Nov  8 16:08:27 2011



Opened log file at Tue Nov  8 17:01:52 2011



Opened log file at Tue Nov  8 17:05:56 2011



Opened log file at Tue Nov  8 17:08:57 2011



Opened log file at Tue Nov  8 17:11:07 2011



Opened log file at Tue Nov  8 17:16:10 2011



Opened log file at Tue Nov  8 19:48:29 2011



Opened log file at Thu Nov 10 14:19:17 2011



Opened log file at Thu Nov 10 14:20:42 2011



Opened log file at Thu Nov 10 14:21:49 2011



Opened log file at Thu Nov 10 14:23:23 2011



Opened log file at Thu Nov 10 14:25:00 2011



Opened log file at Thu Nov 10 14:55:16 2011



Opened log file at Thu Nov 10 14:58:53 2011



Opened log file at Thu Nov 10 15:03:12 2011



Opened log file at Thu Nov 10 15:10:01 2011



Opened log file at Thu Nov 10 15:12:59 2011



Opened log file at Thu Nov 10 15:16:51 2011



Opened log file at Thu Nov 10 15:20:14 2011



Opened log file at Thu Nov 10 15:21:32 2011



Opened log file at Thu Nov 10 15:22:55 2011



Opened log file at Thu Nov 10 15:23:33 2011



Opened log file at Thu Nov 10 15:24:58 2011



Opened log file at Thu Nov 10 15:28:13 2011



Opened log file at Thu Nov 10 15:29:00 2011



Opened log file at Thu Nov 10 15:35:17 2011



Opened log file at Thu Nov 10 15:53:25 2011



Opened log file at Thu Nov 10 15:55:18 2011



Opened log file at Thu Nov 10 15:57:30 2011



Opened log file at Thu Nov 10 16:02:29 2011



Opened log file at Thu Nov 10 16:06:09 2011



Opened log file at Thu Nov 10 16:07:05 2011



Opened log file at Thu Nov 10 16:07:49 2011



Opened log file at Thu Nov 10 16:09:35 2011



Opened log file at Thu Nov 10 17:44:20 2011



Opened log file at Thu Nov 10 17:46:02 2011



Opened log file at Mon Dec  5 21:07:53 2011



Opened log file at Mon Dec  5 21:08:01 2011



Opened log file at Mon Dec  5 21:08:49 2011



Opened log file at Mon Dec  5 21:09:58 2011



Opened log file at Mon Dec  5 21:11:12 2011



Opened log file at Mon Dec  5 21:14:28 2011



Opened log file at Mon Dec  5 21:14:33 2011



Opened log file at Mon Dec  5 21:18:33 2011



Opened log file at Mon Dec  5 21:19:24 2011



Opened log file at Mon Dec  5 21:19:54 2011



Opened log file at Mon Dec  5 21:20:04 2011



Opened log file at Mon Dec  5 21:20:24 2011

